[2019-02-14T05:39:39.481] [ERROR] system - Could not find matching close tag for "<%=".
[2019-02-19T05:45:19.418] [ERROR] system - Could not find matching close tag for "<%=".
[2019-02-19T05:47:05.658] [ERROR] system - Could not find matching close tag for "<%=".
[2019-02-19T05:49:00.865] [ERROR] system - Could not find matching close tag for "<%=".
[2019-02-19T05:51:10.429] [ERROR] system - Could not find matching close tag for "<%=".
[2019-02-19T05:51:19.857] [ERROR] system - Could not find matching close tag for "<%=".
[2019-02-19T05:56:17.251] [ERROR] system - Could not find matching close tag for "<%=".
[2019-02-19T05:58:39.350] [ERROR] system - Could not find matching close tag for "<%=".
[2019-02-19T05:59:29.286] [ERROR] system - Could not find matching close tag for "<%=".
[2019-02-19T05:59:30.348] [ERROR] system - Could not find matching close tag for "<%=".
[2019-02-19T06:02:53.644] [ERROR] system - Could not find matching close tag for "<%=".
[2019-02-19T06:04:11.668] [ERROR] system - Could not find matching close tag for "<%=".
[2019-02-19T06:06:38.509] [ERROR] system - Could not find matching close tag for "<%=".
[2019-02-25T05:26:04.406] [ERROR] system - Could not find matching close tag for "<%=".
[2019-02-25T05:30:30.675] [ERROR] system - Could not find matching close tag for "<%=".
[2019-02-25T05:30:47.973] [ERROR] system - Could not find matching close tag for "<%=".
[2019-02-25T05:31:34.645] [ERROR] system - Could not find matching close tag for "<%=".
[2019-02-25T05:31:54.226] [ERROR] system - Could not find matching close tag for "<%=".
[2019-02-25T05:32:54.165] [ERROR] system - Could not find matching close tag for "<%=".
[2019-02-25T05:33:01.814] [ERROR] system - Could not find matching close tag for "<%=".
[2019-02-25T05:38:22.304] [ERROR] system - Could not find matching close tag for "<%=".
[2019-02-27T06:07:58.929] [ERROR] system - Invalid token.
[2019-02-27T06:08:14.111] [ERROR] system - Invalid token.
[2019-02-28T05:27:45.942] [ERROR] system - Invalid token.
[2019-02-28T05:44:51.843] [ERROR] system - c:\Users\Tomoya\Documents\workspace\weblog\views\posts\index.ejs:18
    16| 
    17|       <div class="border-bottom mt-5 mb-5">
 >> 18|         <h1><%= title %></h1>
    19|       </div>
    20|       <dl class="row mt-5 mb-5">
    21|           <dt class="col-3">公開日：</dt>

title is not defined
[2019-02-28T05:48:43.267] [ERROR] system - Invalid token.
[2019-03-06T06:02:45.217] [ERROR] system - Make Error
[2019-03-06T06:02:47.109] [ERROR] system - Make Error
[2019-03-06T06:02:48.652] [ERROR] system - Make Error
[2019-03-06T06:02:49.571] [ERROR] system - Make Error
[2019-03-06T06:02:50.140] [ERROR] system - Make Error
[2019-03-06T06:03:16.001] [ERROR] system - Make Error
[2019-03-06T06:03:19.167] [ERROR] system - Make Error
[2019-03-06T06:03:20.126] [ERROR] system - Make Error
[2019-03-06T06:03:20.477] [ERROR] system - Make Error
[2019-03-06T06:03:20.654] [ERROR] system - Make Error
[2019-03-06T06:03:20.836] [ERROR] system - Make Error
[2019-03-06T06:04:40.259] [ERROR] system - Make Error
[2019-03-06T06:10:11.185] [ERROR] system - Hello World
[2019-03-06T06:10:21.978] [ERROR] system - Hello World
[2019-03-06T06:11:18.891] [ERROR] system - Hello World
[2019-03-06T06:11:21.070] [ERROR] system - Hello World
[2019-03-06T06:11:21.828] [ERROR] system - Hello World
[2019-03-06T06:11:47.439] [ERROR] system - Hello World.
[2019-03-06T06:12:09.100] [ERROR] system - Hello World.
[2019-03-06T06:12:09.805] [ERROR] system - Hello World.
[2019-03-06T06:12:57.033] [ERROR] system - Hello World.
[2019-03-06T06:12:57.941] [ERROR] system - Hello World.
[2019-03-06T06:12:58.228] [ERROR] system - Hello World.
[2019-03-06T06:12:58.412] [ERROR] system - Hello World.
[2019-03-06T06:12:58.748] [ERROR] system - Hello World.
[2019-03-06T06:18:46.866] [ERROR] system - hello world.
[2019-03-06T06:18:47.893] [ERROR] system - hello world.
[2019-03-06T06:18:48.533] [ERROR] system - hello world.
[2019-03-06T06:18:48.924] [ERROR] system - hello world.
[2019-03-06T06:18:51.741] [ERROR] system - hello world.
[2019-03-06T06:18:53.622] [ERROR] system - hello world.
[2019-03-06T06:19:29.299] [ERROR] system - hello world.
[2019-03-06T06:19:31.144] [ERROR] system - hello world.
[2019-03-06T06:19:32.013] [ERROR] system - hello world.
[2019-03-06T06:19:33.141] [ERROR] system - hello world.
[2019-03-06T06:19:35.189] [ERROR] system - hello world.
[2019-03-06T06:27:14.056] [ERROR] system - Hello World.
[2019-03-06T06:27:16.332] [ERROR] system - Hello World.
[2019-03-06T06:27:26.764] [ERROR] system - Hello World.
[2019-03-06T06:30:11.729] [ERROR] system - Hello World.
[2019-03-06T06:32:07.751] [ERROR] system - Hello World.
[2019-03-06T06:33:04.149] [ERROR] system - ssss
[2019-03-06T06:43:13.612] [ERROR] system - ssss
[2019-03-06T06:43:36.358] [ERROR] system - ssss
[2019-03-06T06:43:40.847] [ERROR] system - ssss
[2019-03-06T07:04:15.956] [ERROR] system - ssss
[2019-03-06T07:04:16.817] [ERROR] system - ssss
[2019-03-06T07:05:45.403] [ERROR] system - ssss
[2019-03-06T07:05:46.085] [ERROR] system - ssss
[2019-03-06T07:05:47.332] [ERROR] system - ssss
[2019-03-06T07:05:47.994] [ERROR] system - ssss
[2019-03-06T07:05:48.277] [ERROR] system - ssss
[2019-03-06T07:05:48.450] [ERROR] system - ssss
[2019-03-06T07:05:48.608] [ERROR] system - ssss
[2019-03-06T07:05:48.812] [ERROR] system - ssss
[2019-03-06T07:05:49.408] [ERROR] system - ssss
